<?xml version="1.0" encoding="UTF-8"?>
<testng-results skipped="0" failed="0" ignored="0" total="1" passed="1">
  <reporter-output>
  </reporter-output>
  <suite name="Default suite" duration-ms="24512" started-at="2019-12-12T11:48:56 IST" finished-at="2019-12-12T11:49:21 IST">
    <groups>
    </groups>
    <test name="Default test" duration-ms="24512" started-at="2019-12-12T11:48:56 IST" finished-at="2019-12-12T11:49:21 IST">
      <class name="com.keyword.resource.ReadFromXLS">
        <test-method status="PASS" signature="main()[pri:0, instance:com.keyword.resource.ReadFromXLS@80503]" name="main" duration-ms="24446" started-at="2019-12-12T11:48:56 IST" finished-at="2019-12-12T11:49:21 IST">
          <reporter-output>
          </reporter-output>
        </test-method> <!-- main -->
      </class> <!-- com.keyword.resource.ReadFromXLS -->
    </test> <!-- Default test -->
  </suite> <!-- Default suite -->
</testng-results>
