<?xml version="1.0" encoding="UTF-8"?>
<testng-results skipped="0" failed="0" total="1" passed="1">
  <reporter-output>
  </reporter-output>
  <suite name="Default suite" duration-ms="77715" started-at="2019-12-07T11:28:25Z" finished-at="2019-12-07T11:29:43Z">
    <groups>
    </groups>
    <test name="Default test" duration-ms="77715" started-at="2019-12-07T11:28:25Z" finished-at="2019-12-07T11:29:43Z">
      <class name="com.bridgelabz.keyworddriven.testCases.TestCases">
        <test-method status="PASS" signature="prerequi()[pri:0, instance:com.bridgelabz.keyworddriven.testCases.TestCases@d041cf]" name="prerequi" is-config="true" duration-ms="2874" started-at="2019-12-07T16:58:25Z" finished-at="2019-12-07T16:58:28Z">
          <reporter-output>
          </reporter-output>
        </test-method> <!-- prerequi -->
        <test-method status="PASS" signature="logintest()[pri:0, instance:com.bridgelabz.keyworddriven.testCases.TestCases@d041cf]" name="logintest" duration-ms="74687" started-at="2019-12-07T16:58:28Z" finished-at="2019-12-07T16:59:43Z">
          <reporter-output>
          </reporter-output>
        </test-method> <!-- logintest -->
        <test-method status="PASS" signature="terminate()[pri:0, instance:com.bridgelabz.keyworddriven.testCases.TestCases@d041cf]" name="terminate" is-config="true" duration-ms="135" started-at="2019-12-07T16:59:43Z" finished-at="2019-12-07T16:59:43Z">
          <reporter-output>
          </reporter-output>
        </test-method> <!-- terminate -->
      </class> <!-- com.bridgelabz.keyworddriven.testCases.TestCases -->
    </test> <!-- Default test -->
  </suite> <!-- Default suite -->
</testng-results>
